<?xml version="1.0" encoding="UTF-8"?>
<testng-results ignored="0" total="1" passed="1" failed="0" skipped="0">
  <reporter-output>
  </reporter-output>
  <suite started-at="2024-01-17T12:06:34 IST" name="Default suite" finished-at="2024-01-17T12:06:38 IST" duration-ms="3546">
    <groups>
    </groups>
    <test started-at="2024-01-17T12:06:34 IST" name="Default test" finished-at="2024-01-17T12:06:38 IST" duration-ms="3546">
      <class name="apiNotRun.ForPractice">
        <test-method signature="postRequest()[pri:0, instance:apiNotRun.ForPractice@1623b78d]" started-at="2024-01-17T12:06:34 IST" name="postRequest" finished-at="2024-01-17T12:06:37 IST" duration-ms="3450" status="PASS">
          <reporter-output>
          </reporter-output>
        </test-method> <!-- postRequest -->
      </class> <!-- apiNotRun.ForPractice -->
    </test> <!-- Default test -->
  </suite> <!-- Default suite -->
</testng-results>
